<?xml version="1.0" encoding="UTF-8"?>
<TestRun id="f603b11b-3fdc-45f8-b53f-d862c18205e7" name="rpowers@RPOWERS-T500 2009-09-21 22:00:06" runUser="CLARITYINTERNAL\rpowers" xmlns="http://microsoft.com/schemas/VisualStudio/TeamTest/2006">
  <TestRunConfiguration name="Default Run Configuration" id="a9b7b909-3a20-4aaf-8d3e-5f6fec6a4a0d">
    <Deployment runDeploymentRoot="C:\clarity\codeplex\FacebookToolkit\DEV\Source\Facebook.Tests\TestResults\rpowers_RPOWERS-T500 2009-09-21 22_00_06">
      <DeploymentItem filename="C:\clarity\codeplex\FacebookToolkit\DEV\Source\Facebook\bin\Debug\Facebook.dll" />
    </Deployment>
    <Hosts skipUnhostableTests="false" />
    <TestTypeSpecific />
  </TestRunConfiguration>
  <ResultSummary outcome="Completed">
    <Counters total="1" executed="1" passed="1" error="0" failed="0" timeout="0" aborted="0" inconclusive="0" passedButRunAborted="0" notRunnable="0" notExecuted="0" disconnected="0" warning="0" completed="0" inProgress="0" pending="0" />
  </ResultSummary>
  <Times creation="2009-09-21T22:00:06.2260000-05:00" queuing="2009-09-21T22:00:08.2730000-05:00" start="2009-09-21T22:00:08.4400000-05:00" finish="2009-09-21T22:00:25.1850000-05:00" />
  <TestDefinitions>
    <UnitTest name="uploadTest" storage="c:\clarity\codeplex\facebooktoolkit\dev\source\facebook.tests\facebook.tests.synchronous\bin\debug\facebook.tests.synchronous.dll" id="b3d2db17-dfd2-60fd-ffd2-3ddf27e36937">
      <Css projectStructure="" iteration="" />
      <Owners>
        <Owner name="" />
      </Owners>
      <Execution id="b2d54ce3-8525-4ec6-8ec2-4fdf859086e3" />
      <TestMethod codeBase="C:\clarity\codeplex\FacebookToolkit\DEV\Source\Facebook.Tests\Facebook.Tests.Synchronous\bin\Debug\Facebook.Tests.Synchronous.dll" adapterTypeName="Microsoft.VisualStudio.TestTools.TestTypes.Unit.UnitTestAdapter, Microsoft.VisualStudio.QualityTools.Tips.UnitTest.Adapter, Version=9.0.0.0, Culture=neutral, PublicKeyToken=b03f5f7f11d50a3a" className="Facebook.Tests.Synchronous.videoTest, Facebook.Tests.Synchronous" name="uploadTest" />
    </UnitTest>
  </TestDefinitions>
  <TestLists>
    <TestList name="Results Not in a List" id="8c84fa94-04c1-424b-9868-57a2d4851a1d" />
    <TestList name="All Loaded Results" id="19431567-8539-422a-85d7-44ee4e166bda" />
  </TestLists>
  <TestEntries>
    <TestEntry testId="b3d2db17-dfd2-60fd-ffd2-3ddf27e36937" executionId="b2d54ce3-8525-4ec6-8ec2-4fdf859086e3" testListId="8c84fa94-04c1-424b-9868-57a2d4851a1d" />
  </TestEntries>
  <Results>
    <UnitTestResult executionId="b2d54ce3-8525-4ec6-8ec2-4fdf859086e3" testId="b3d2db17-dfd2-60fd-ffd2-3ddf27e36937" testName="uploadTest" computerName="RPOWERS-T500" duration="00:00:15.8214754" startTime="2009-09-21T22:00:08.6010000-05:00" endTime="2009-09-21T22:00:25.0080000-05:00" testType="13cdc9d9-ddb5-4fa4-a97d-d965ccfc6d4b" outcome="Passed" testListId="8c84fa94-04c1-424b-9868-57a2d4851a1d">
      <Output>
      </Output>
    </UnitTestResult>
  </Results>
</TestRun>