<?xml version="1.0" encoding="UTF-8"?>
<TestRun id="a9d141d1-bdc6-4b84-b1c9-d9a5ff76a9ea" name="rpowers@RPOWERS-T500 2009-09-18 15:35:36" runUser="CLARITYINTERNAL\rpowers" xmlns="http://microsoft.com/schemas/VisualStudio/TeamTest/2006">
  <TestRunConfiguration name="Default Run Configuration" id="20012500-83c5-40dc-95ec-36568d2944d2">
    <Deployment runDeploymentRoot="C:\clarity\codeplex\FacebookToolkit\DEV\Source\Facebook.Tests\TestResults\rpowers_RPOWERS-T500 2009-09-18 15_35_36">
      <DeploymentItem filename="C:\clarity\codeplex\FacebookToolkit\DEV\Source\Facebook\bin\Debug\Facebook.dll" />
    </Deployment>
    <Hosts skipUnhostableTests="false" />
    <TestTypeSpecific />
  </TestRunConfiguration>
  <ResultSummary outcome="Completed">
    <Counters total="1" executed="1" passed="1" error="0" failed="0" timeout="0" aborted="0" inconclusive="0" passedButRunAborted="0" notRunnable="0" notExecuted="0" disconnected="0" warning="0" completed="0" inProgress="0" pending="0" />
  </ResultSummary>
  <Times creation="2009-09-18T15:35:36.2222722-05:00" queuing="2009-09-18T15:35:36.5813081-05:00" start="2009-09-18T15:35:36.6103110-05:00" finish="2009-09-18T15:35:37.6304130-05:00" />
  <TestDefinitions>
    <UnitTest name="sendTest" storage="c:\clarity\codeplex\facebooktoolkit\dev\source\facebook.tests\facebook.tests.synchronous\bin\debug\facebook.tests.synchronous.dll" id="56b88468-8ce8-eef7-1276-5e9cf699110d">
      <Css projectStructure="" iteration="" />
      <Owners>
        <Owner name="" />
      </Owners>
      <Execution id="ffc2be0c-3cd3-4c77-b478-cdfe698680fa" />
      <TestMethod codeBase="C:\clarity\codeplex\FacebookToolkit\DEV\Source\Facebook.Tests\Facebook.Tests.Synchronous\bin\Debug\Facebook.Tests.Synchronous.dll" adapterTypeName="Microsoft.VisualStudio.TestTools.TestTypes.Unit.UnitTestAdapter, Microsoft.VisualStudio.QualityTools.Tips.UnitTest.Adapter, Version=9.0.0.0, Culture=neutral, PublicKeyToken=b03f5f7f11d50a3a" className="Facebook.Tests.Synchronous.liveMessageTest, Facebook.Tests.Synchronous" name="sendTest" />
    </UnitTest>
  </TestDefinitions>
  <TestLists>
    <TestList name="All Loaded Results" id="19431567-8539-422a-85d7-44ee4e166bda" />
    <TestList name="Lists of Results" id="8c43106b-9dc1-4907-a29f-aa66a61bf5b6" />
    <TestList name="LiveMessage" id="ba08bf33-eb62-4f9b-b7d5-4e930efdaa84" parentListId="8c43106b-9dc1-4907-a29f-aa66a61bf5b6">
      <TestLinks>
        <TestLink id="56b88468-8ce8-eef7-1276-5e9cf699110d" name="sendTest" storage="c:\clarity\codeplex\facebooktoolkit\dev\source\facebook.tests\facebook.tests.synchronous\bin\debug\facebook.tests.synchronous.dll" type="Microsoft.VisualStudio.TestTools.TestTypes.Unit.UnitTestElement, Microsoft.VisualStudio.QualityTools.Tips.UnitTest.ObjectModel,   PublicKeyToken=b03f5f7f11d50a3a" />
      </TestLinks>
    </TestList>
  </TestLists>
  <TestEntries>
    <TestEntry testId="56b88468-8ce8-eef7-1276-5e9cf699110d" executionId="ffc2be0c-3cd3-4c77-b478-cdfe698680fa" testListId="ba08bf33-eb62-4f9b-b7d5-4e930efdaa84" />
  </TestEntries>
  <Results>
    <UnitTestResult executionId="ffc2be0c-3cd3-4c77-b478-cdfe698680fa" testId="56b88468-8ce8-eef7-1276-5e9cf699110d" testName="sendTest" computerName="RPOWERS-T500" duration="00:00:00.6293697" startTime="2009-09-18T15:35:36.6243124-05:00" endTime="2009-09-18T15:35:37.6104110-05:00" testType="13cdc9d9-ddb5-4fa4-a97d-d965ccfc6d4b" outcome="Passed" testListId="ba08bf33-eb62-4f9b-b7d5-4e930efdaa84">
      <Output>
      </Output>
    </UnitTestResult>
  </Results>
</TestRun>