<?xml version="1.0" encoding="UTF-8"?>
<TestRun id="38de6979-cc42-41d3-afa8-e0212da28328" name="rpowers@RPOWERS-T500 2009-09-24 12:33:13" runUser="CLARITYINTERNAL\rpowers" xmlns="http://microsoft.com/schemas/VisualStudio/TeamTest/2006">
  <TestRunConfiguration name="Default Run Configuration" id="ea085de5-28f8-4cb4-a320-9ce097b88cb6">
    <Deployment runDeploymentRoot="C:\clarity\codeplex\FacebookToolkit\DEV\Source\Facebook.Tests\TestResults\rpowers_RPOWERS-T500 2009-09-24 12_33_13">
      <DeploymentItem filename="C:\clarity\codeplex\FacebookToolkit\DEV\Source\Facebook\bin\Debug\Facebook.dll" />
    </Deployment>
    <Hosts skipUnhostableTests="false" />
    <TestTypeSpecific />
  </TestRunConfiguration>
  <ResultSummary outcome="Error">
    <Counters total="1" executed="1" error="0" failed="0" timeout="0" aborted="1" inconclusive="0" passedButRunAborted="0" notRunnable="0" notExecuted="0" disconnected="0" warning="0" passed="0" completed="0" inProgress="0" pending="0" />
    <RunInfos>
      <RunInfo computerName="RPOWERS-T500" outcome="Error" timestamp="2009-09-24T12:33:23.3806871-05:00">
        <Text>Test host process exited unexpectedly.</Text>
      </RunInfo>
    </RunInfos>
  </ResultSummary>
  <Times creation="2009-09-24T12:33:13.6117103-05:00" queuing="2009-09-24T12:33:15.4438935-05:00" start="2009-09-24T12:33:15.6969188-05:00" finish="2009-09-24T12:33:23.3806871-05:00" />
  <TestDefinitions>
    <UnitTest name="postTest2" storage="c:\clarity\codeplex\facebooktoolkit\dev\source\facebook.tests\facebook.tests.synchronous\bin\debug\facebook.tests.synchronous.dll" id="9ea3faee-412f-a7a0-aeef-b4449d4132b6">
      <Css projectStructure="" iteration="" />
      <Owners>
        <Owner name="" />
      </Owners>
      <Execution id="623ad012-0b9a-43cc-9dd4-b10d9c9d9108" />
      <TestMethod codeBase="C:\clarity\codeplex\FacebookToolkit\DEV\Source\Facebook.Tests\Facebook.Tests.Synchronous\bin\Debug\Facebook.Tests.Synchronous.dll" adapterTypeName="Microsoft.VisualStudio.TestTools.TestTypes.Unit.UnitTestAdapter, Microsoft.VisualStudio.QualityTools.Tips.UnitTest.Adapter, Version=9.0.0.0, Culture=neutral, PublicKeyToken=b03f5f7f11d50a3a" className="Facebook.Tests.Synchronous.linksTest, Facebook.Tests.Synchronous" name="postTest2" />
    </UnitTest>
  </TestDefinitions>
  <TestLists>
    <TestList name="Results Not in a List" id="8c84fa94-04c1-424b-9868-57a2d4851a1d" />
    <TestList name="All Loaded Results" id="19431567-8539-422a-85d7-44ee4e166bda" />
  </TestLists>
  <TestEntries>
    <TestEntry testId="9ea3faee-412f-a7a0-aeef-b4449d4132b6" executionId="2d8c57f9-e04c-4f56-ab8e-f50807d0aa83" testListId="8c84fa94-04c1-424b-9868-57a2d4851a1d" />
  </TestEntries>
  <Results>
    <UnitTestResult executionId="2d8c57f9-e04c-4f56-ab8e-f50807d0aa83" testId="9ea3faee-412f-a7a0-aeef-b4449d4132b6" testName="postTest2" computerName="RPOWERS-T500" duration="00:00:07.4647464" startTime="2009-09-24T12:33:15.9159407-05:00" endTime="2009-09-24T12:33:23.3806871-05:00" testType="13cdc9d9-ddb5-4fa4-a97d-d965ccfc6d4b" outcome="Aborted" testListId="8c84fa94-04c1-424b-9868-57a2d4851a1d">
    </UnitTestResult>
  </Results>
</TestRun>