<?xml version="1.0" encoding="UTF-8"?>
<TestRun id="ab4997a7-2db1-492c-909a-df7e43ca1a5f" name="rpowers@RPOWERS-T500 2009-09-21 21:56:20" runUser="CLARITYINTERNAL\rpowers" xmlns="http://microsoft.com/schemas/VisualStudio/TeamTest/2006">
  <TestRunConfiguration name="Default Run Configuration" id="bb2864c7-bb6e-467a-9b70-9ee4e6994a7e">
    <Deployment runDeploymentRoot="C:\clarity\codeplex\FacebookToolkit\DEV\Source\Facebook.Tests\TestResults\rpowers_RPOWERS-T500 2009-09-21 21_56_20">
      <DeploymentItem filename="C:\clarity\codeplex\FacebookToolkit\DEV\Source\Facebook\bin\Debug\Facebook.dll" />
    </Deployment>
    <Hosts skipUnhostableTests="false" />
    <TestTypeSpecific />
  </TestRunConfiguration>
  <ResultSummary outcome="Failed">
    <Counters total="1" executed="1" error="0" failed="1" timeout="0" aborted="0" inconclusive="0" passedButRunAborted="0" notRunnable="0" notExecuted="0" disconnected="0" warning="0" passed="0" completed="0" inProgress="0" pending="0" />
  </ResultSummary>
  <Times creation="2009-09-21T21:56:20.0090000-05:00" queuing="2009-09-21T21:56:40.6840000-05:00" start="2009-09-21T21:56:40.9120000-05:00" finish="2009-09-21T21:58:29.9860000-05:00" />
  <TestDefinitions>
    <UnitTest name="uploadTest" storage="c:\clarity\codeplex\facebooktoolkit\dev\source\facebook.tests\facebook.tests.synchronous\bin\debug\facebook.tests.synchronous.dll" id="b3d2db17-dfd2-60fd-ffd2-3ddf27e36937">
      <Css projectStructure="" iteration="" />
      <Owners>
        <Owner name="" />
      </Owners>
      <Execution id="7fdbc476-c9fc-4d29-86f0-24e01348756a" />
      <TestMethod codeBase="C:\clarity\codeplex\FacebookToolkit\DEV\Source\Facebook.Tests\Facebook.Tests.Synchronous\bin\Debug\Facebook.Tests.Synchronous.dll" adapterTypeName="Microsoft.VisualStudio.TestTools.TestTypes.Unit.UnitTestAdapter, Microsoft.VisualStudio.QualityTools.Tips.UnitTest.Adapter, Version=9.0.0.0, Culture=neutral, PublicKeyToken=b03f5f7f11d50a3a" className="Facebook.Tests.Synchronous.videoTest, Facebook.Tests.Synchronous" name="uploadTest" />
    </UnitTest>
  </TestDefinitions>
  <TestLists>
    <TestList name="Results Not in a List" id="8c84fa94-04c1-424b-9868-57a2d4851a1d" />
    <TestList name="All Loaded Results" id="19431567-8539-422a-85d7-44ee4e166bda" />
  </TestLists>
  <TestEntries>
    <TestEntry testId="b3d2db17-dfd2-60fd-ffd2-3ddf27e36937" executionId="7fdbc476-c9fc-4d29-86f0-24e01348756a" testListId="8c84fa94-04c1-424b-9868-57a2d4851a1d" />
  </TestEntries>
  <Results>
    <UnitTestResult executionId="7fdbc476-c9fc-4d29-86f0-24e01348756a" testId="b3d2db17-dfd2-60fd-ffd2-3ddf27e36937" testName="uploadTest" computerName="RPOWERS-T500" duration="00:01:48.1439199" startTime="2009-09-21T21:56:41.1070000-05:00" endTime="2009-09-21T21:58:29.8020000-05:00" testType="13cdc9d9-ddb5-4fa4-a97d-d965ccfc6d4b" outcome="Failed" testListId="8c84fa94-04c1-424b-9868-57a2d4851a1d">
      <Output>
        <ErrorInfo>
          <Message>Test method Facebook.Tests.Synchronous.videoTest.uploadTest threw exception:  System.Net.WebException: The operation has timed out.</Message>
          <StackTrace>    at System.Net.HttpWebRequest.GetResponse()
   at Facebook.Rest.RestBase.GetFileQueryResponse(IEnumerable`1 parameterDictionary, FileSystemInfo uploadFile, String contentType) in C:\clarity\codeplex\FacebookToolkit\DEV\Source\Facebook\Rest\RestBase.cs:line 384
   at Facebook.Rest.RestBase.ExecuteApiVideoUpload(FileSystemInfo uploadFile, IDictionary`2 parameterList) in C:\clarity\codeplex\FacebookToolkit\DEV\Source\Facebook\Rest\RestBase.cs:line 332
   at Facebook.Rest.Video.Upload(String title, String description, FileSystemInfo data, Byte[] rawData, String contentType, Boolean isAsync, UploadCallback callback, Object state) in C:\clarity\codeplex\FacebookToolkit\DEV\Source\Facebook\Rest\Video.cs:line 166
   at Facebook.Rest.Video.Upload(String title, String description, FileInfo data) in C:\clarity\codeplex\FacebookToolkit\DEV\Source\Facebook\Rest\Video.cs:line 67
   at Facebook.Tests.Synchronous.videoTest.uploadTest() in C:\clarity\codeplex\FacebookToolkit\DEV\Source\Facebook.Tests\Facebook.Tests.Synchronous\videoTest.cs:line 73
</StackTrace>
        </ErrorInfo>
      </Output>
    </UnitTestResult>
  </Results>
</TestRun>