<?xml version="1.0" encoding="UTF-8"?>
<TestRun id="b2291ebb-6ab6-4e7e-918a-90b8a653c1a3" name="rpowers@RPOWERS-T500 2009-09-18 14:54:31" runUser="CLARITYINTERNAL\rpowers" xmlns="http://microsoft.com/schemas/VisualStudio/TeamTest/2006">
  <TestRunConfiguration name="Default Run Configuration" id="6ef7d53a-96d9-4f8a-bcb7-38ae4d166726">
    <Deployment runDeploymentRoot="C:\clarity\codeplex\FacebookToolkit\DEV\Source\Facebook.Tests\TestResults\rpowers_RPOWERS-T500 2009-09-18 14_54_31">
      <DeploymentItem filename="C:\clarity\codeplex\FacebookToolkit\DEV\Source\Facebook\bin\Debug\Facebook.dll" />
    </Deployment>
    <Hosts skipUnhostableTests="false" />
    <TestTypeSpecific />
  </TestRunConfiguration>
  <ResultSummary outcome="Error">
    <Counters total="1" executed="1" error="0" failed="0" timeout="0" aborted="1" inconclusive="0" passedButRunAborted="0" notRunnable="0" notExecuted="0" disconnected="0" warning="0" passed="0" completed="0" inProgress="0" pending="0" />
    <RunInfos>
      <RunInfo computerName="RPOWERS-T500" outcome="Error" timestamp="2009-09-18T15:01:27.5334097-05:00">
        <Text>Test host process exited unexpectedly.</Text>
      </RunInfo>
    </RunInfos>
  </ResultSummary>
  <Times creation="2009-09-18T14:54:31.1317737-05:00" queuing="2009-09-18T14:54:32.6159221-05:00" start="2009-09-18T14:54:32.7739379-05:00" finish="2009-09-18T15:01:27.5344098-05:00" />
  <TestDefinitions>
    <UnitTest name="setTest" storage="c:\clarity\codeplex\facebooktoolkit\dev\source\facebook.tests\facebook.tests.synchronous\bin\debug\facebook.tests.synchronous.dll" id="438a4b34-8f95-e768-0e85-019b15e52531">
      <Css projectStructure="" iteration="" />
      <Owners>
        <Owner name="" />
      </Owners>
      <Execution id="7aa4a898-1825-48b0-a3ed-e73ad0df48b0" />
      <TestMethod codeBase="C:\clarity\codeplex\FacebookToolkit\DEV\Source\Facebook.Tests\Facebook.Tests.Synchronous\bin\Debug\Facebook.Tests.Synchronous.dll" adapterTypeName="Microsoft.VisualStudio.TestTools.TestTypes.Unit.UnitTestAdapter, Microsoft.VisualStudio.QualityTools.Tips.UnitTest.Adapter, Version=9.0.0.0, Culture=neutral, PublicKeyToken=b03f5f7f11d50a3a" className="Facebook.Tests.Synchronous.statusTest, Facebook.Tests.Synchronous" name="setTest" />
    </UnitTest>
  </TestDefinitions>
  <TestLists>
    <TestList name="Results Not in a List" id="8c84fa94-04c1-424b-9868-57a2d4851a1d" />
    <TestList name="All Loaded Results" id="19431567-8539-422a-85d7-44ee4e166bda" />
  </TestLists>
  <TestEntries>
    <TestEntry testId="438a4b34-8f95-e768-0e85-019b15e52531" executionId="556a0608-eddb-4954-b5b1-e9ff9f641b90" testListId="8c84fa94-04c1-424b-9868-57a2d4851a1d" />
  </TestEntries>
  <Results>
    <UnitTestResult executionId="556a0608-eddb-4954-b5b1-e9ff9f641b90" testId="438a4b34-8f95-e768-0e85-019b15e52531" testName="setTest" computerName="RPOWERS-T500" duration="00:06:54.5914550" startTime="2009-09-18T14:54:32.9429548-05:00" endTime="2009-09-18T15:01:27.5344098-05:00" testType="13cdc9d9-ddb5-4fa4-a97d-d965ccfc6d4b" outcome="Aborted" testListId="8c84fa94-04c1-424b-9868-57a2d4851a1d">
    </UnitTestResult>
  </Results>
</TestRun>