<?xml version="1.0" encoding="UTF-8"?>
<TestRun id="1c43decb-81c6-4c58-acba-1a66fea07cf2" name="rpowers@RPOWERS-T500 2009-09-18 16:07:00" runUser="CLARITYINTERNAL\rpowers" xmlns="http://microsoft.com/schemas/VisualStudio/TeamTest/2006">
  <TestRunConfiguration name="Default Run Configuration" id="2e664e1a-c3ea-4f1d-828e-fff382264aa3">
    <Deployment runDeploymentRoot="C:\clarity\codeplex\FacebookToolkit\DEV\Source\Facebook.Tests\TestResults\rpowers_RPOWERS-T500 2009-09-18 16_07_00">
      <DeploymentItem filename="C:\clarity\codeplex\FacebookToolkit\DEV\Source\Facebook\bin\Debug\Facebook.dll" />
    </Deployment>
    <Hosts skipUnhostableTests="false" />
    <TestTypeSpecific />
  </TestRunConfiguration>
  <ResultSummary outcome="Completed">
    <Counters total="1" executed="1" passed="1" error="0" failed="0" timeout="0" aborted="0" inconclusive="0" passedButRunAborted="0" notRunnable="0" notExecuted="0" disconnected="0" warning="0" completed="0" inProgress="0" pending="0" />
  </ResultSummary>
  <Times creation="2009-09-18T16:07:00.7977109-05:00" queuing="2009-09-18T16:07:02.8889200-05:00" start="2009-09-18T16:07:03.1309442-05:00" finish="2009-09-18T16:07:07.5833894-05:00" />
  <TestDefinitions>
    <UnitTest name="publishTest2" storage="c:\clarity\codeplex\facebooktoolkit\dev\source\facebook.tests\facebook.tests.synchronous\bin\debug\facebook.tests.synchronous.dll" id="cd6f0eec-bdbd-d10a-5fa2-19291c957003">
      <Css projectStructure="" iteration="" />
      <Owners>
        <Owner name="" />
      </Owners>
      <Execution id="92893002-2b25-483f-b49c-1b84d9b12e45" />
      <TestMethod codeBase="C:\clarity\codeplex\FacebookToolkit\DEV\Source\Facebook.Tests\Facebook.Tests.Synchronous\bin\Debug\Facebook.Tests.Synchronous.dll" adapterTypeName="Microsoft.VisualStudio.TestTools.TestTypes.Unit.UnitTestAdapter, Microsoft.VisualStudio.QualityTools.Tips.UnitTest.Adapter, Version=9.0.0.0, Culture=neutral, PublicKeyToken=b03f5f7f11d50a3a" className="Facebook.Tests.Synchronous.streamTest, Facebook.Tests.Synchronous" name="publishTest2" />
    </UnitTest>
  </TestDefinitions>
  <TestLists>
    <TestList name="Results Not in a List" id="8c84fa94-04c1-424b-9868-57a2d4851a1d" />
    <TestList name="All Loaded Results" id="19431567-8539-422a-85d7-44ee4e166bda" />
  </TestLists>
  <TestEntries>
    <TestEntry testId="cd6f0eec-bdbd-d10a-5fa2-19291c957003" executionId="92893002-2b25-483f-b49c-1b84d9b12e45" testListId="8c84fa94-04c1-424b-9868-57a2d4851a1d" />
  </TestEntries>
  <Results>
    <UnitTestResult executionId="92893002-2b25-483f-b49c-1b84d9b12e45" testId="cd6f0eec-bdbd-d10a-5fa2-19291c957003" testName="publishTest2" computerName="RPOWERS-T500" duration="00:00:03.5241789" startTime="2009-09-18T16:07:03.2929604-05:00" endTime="2009-09-18T16:07:07.5033814-05:00" testType="13cdc9d9-ddb5-4fa4-a97d-d965ccfc6d4b" outcome="Passed" testListId="8c84fa94-04c1-424b-9868-57a2d4851a1d">
      <Output>
      </Output>
    </UnitTestResult>
  </Results>
</TestRun>