<?xml version="1.0" encoding="UTF-8"?>
<TestRun id="6edb84b2-d1b4-446f-9422-d0ff4f5e1c26" name="rpowers@RPOWERS-T500 2009-09-24 12:28:13" runUser="CLARITYINTERNAL\rpowers" xmlns="http://microsoft.com/schemas/VisualStudio/TeamTest/2006">
  <TestRunConfiguration name="Default Run Configuration" id="3190c3bd-f656-48ad-a0a2-478098542da5">
    <Deployment runDeploymentRoot="C:\clarity\codeplex\FacebookToolkit\DEV\Source\Facebook.Tests\TestResults\rpowers_RPOWERS-T500 2009-09-24 12_28_13">
      <DeploymentItem filename="C:\clarity\codeplex\FacebookToolkit\DEV\Source\Facebook\bin\Debug\Facebook.dll" />
    </Deployment>
    <Hosts skipUnhostableTests="false" />
    <TestTypeSpecific />
  </TestRunConfiguration>
  <ResultSummary outcome="Failed">
    <Counters total="1" executed="1" error="0" failed="1" timeout="0" aborted="0" inconclusive="0" passedButRunAborted="0" notRunnable="0" notExecuted="0" disconnected="0" warning="0" passed="0" completed="0" inProgress="0" pending="0" />
  </ResultSummary>
  <Times creation="2009-09-24T12:28:13.9627484-05:00" queuing="2009-09-24T12:28:23.1346655-05:00" start="2009-09-24T12:28:23.5257046-05:00" finish="2009-09-24T12:28:35.1198639-05:00" />
  <TestDefinitions>
    <UnitTest name="postTest2" storage="c:\clarity\codeplex\facebooktoolkit\dev\source\facebook.tests\facebook.tests.synchronous\bin\debug\facebook.tests.synchronous.dll" id="9ea3faee-412f-a7a0-aeef-b4449d4132b6">
      <Css projectStructure="" iteration="" />
      <Owners>
        <Owner name="" />
      </Owners>
      <Execution id="623ad012-0b9a-43cc-9dd4-b10d9c9d9108" />
      <TestMethod codeBase="C:\clarity\codeplex\FacebookToolkit\DEV\Source\Facebook.Tests\Facebook.Tests.Synchronous\bin\Debug\Facebook.Tests.Synchronous.dll" adapterTypeName="Microsoft.VisualStudio.TestTools.TestTypes.Unit.UnitTestAdapter, Microsoft.VisualStudio.QualityTools.Tips.UnitTest.Adapter, Version=9.0.0.0, Culture=neutral, PublicKeyToken=b03f5f7f11d50a3a" className="Facebook.Tests.Synchronous.linksTest, Facebook.Tests.Synchronous" name="postTest2" />
    </UnitTest>
  </TestDefinitions>
  <TestLists>
    <TestList name="Results Not in a List" id="8c84fa94-04c1-424b-9868-57a2d4851a1d" />
    <TestList name="All Loaded Results" id="19431567-8539-422a-85d7-44ee4e166bda" />
  </TestLists>
  <TestEntries>
    <TestEntry testId="9ea3faee-412f-a7a0-aeef-b4449d4132b6" executionId="623ad012-0b9a-43cc-9dd4-b10d9c9d9108" testListId="8c84fa94-04c1-424b-9868-57a2d4851a1d" />
  </TestEntries>
  <Results>
    <UnitTestResult executionId="623ad012-0b9a-43cc-9dd4-b10d9c9d9108" testId="9ea3faee-412f-a7a0-aeef-b4449d4132b6" testName="postTest2" computerName="RPOWERS-T500" duration="00:00:10.4976002" startTime="2009-09-24T12:28:23.7197240-05:00" endTime="2009-09-24T12:28:34.9228442-05:00" testType="13cdc9d9-ddb5-4fa4-a97d-d965ccfc6d4b" outcome="Failed" testListId="8c84fa94-04c1-424b-9868-57a2d4851a1d">
      <Output>
        <ErrorInfo>
          <Message>Test method Facebook.Tests.Synchronous.linksTest.postTest2 threw exception:  Facebook.Utility.FacebookException: Unknown method.</Message>
          <StackTrace>    at Facebook.Utility.Utilities.ParseException(String response, Boolean JSONFormat) in C:\clarity\codeplex\FacebookToolkit\DEV\Source\Facebook\Utility\Utilities.cs:line 614
   at Facebook.Rest.RestBase.processResponse(WebResponse webResponse) in C:\clarity\codeplex\FacebookToolkit\DEV\Source\Facebook\Rest\RestBase.cs:line 457
   at Facebook.Rest.RestBase.SendRequestSynchronous(IDictionary`2 parameterDictionary, Boolean useSession) in C:\clarity\codeplex\FacebookToolkit\DEV\Source\Facebook\Rest\RestBase.cs:line 889
   at Facebook.Rest.RestBase.SendRequest[T](IDictionary`2 parameterDictionary, Boolean useSession) in C:\clarity\codeplex\FacebookToolkit\DEV\Source\Facebook\Rest\RestBase.cs:line 139
   at Facebook.Rest.Links.Post(Int64 uid, Uri url, String comment, Boolean isAsync, PostCallback callback, Object state) in C:\clarity\codeplex\FacebookToolkit\DEV\Source\Facebook\Rest\Links.cs:line 207
   at Facebook.Rest.Links.Post(Int64 uid, Uri url, String comment) in C:\clarity\codeplex\FacebookToolkit\DEV\Source\Facebook\Rest\Links.cs:line 83
   at Facebook.Tests.Synchronous.linksTest.postTest2() in C:\clarity\codeplex\FacebookToolkit\DEV\Source\Facebook.Tests\Facebook.Tests.Synchronous\linksTest.cs:line 85
</StackTrace>
        </ErrorInfo>
      </Output>
    </UnitTestResult>
  </Results>
</TestRun>