<?xml version="1.0" encoding="UTF-8"?>
<TestRun id="393b526e-22a0-41bd-8360-3f4ab6450cc5" name="rpowers@RPOWERS-T500 2009-09-24 13:02:13" runUser="CLARITYINTERNAL\rpowers" xmlns="http://microsoft.com/schemas/VisualStudio/TeamTest/2006">
  <TestRunConfiguration name="Default Run Configuration" id="1789065f-b36c-4ba3-9e75-419d74067c9e">
    <Deployment runDeploymentRoot="C:\clarity\codeplex\FacebookToolkit\DEV\Source\Facebook.Tests\TestResults\rpowers_RPOWERS-T500 2009-09-24 13_02_13">
      <DeploymentItem filename="C:\clarity\codeplex\FacebookToolkit\DEV\Source\Facebook\bin\Debug\Facebook.dll" />
    </Deployment>
    <Hosts skipUnhostableTests="false" />
    <TestTypeSpecific />
  </TestRunConfiguration>
  <ResultSummary outcome="Error">
    <Counters total="1" executed="1" error="0" failed="0" timeout="0" aborted="1" inconclusive="0" passedButRunAborted="0" notRunnable="0" notExecuted="0" disconnected="0" warning="0" passed="0" completed="0" inProgress="0" pending="0" />
    <RunInfos>
      <RunInfo computerName="RPOWERS-T500" outcome="Error" timestamp="2009-09-24T13:03:22.2975890-05:00">
        <Text>Test host process exited unexpectedly.</Text>
      </RunInfo>
    </RunInfos>
  </ResultSummary>
  <Times creation="2009-09-24T13:02:13.7157315-05:00" queuing="2009-09-24T13:02:15.6349234-05:00" start="2009-09-24T13:02:15.8259425-05:00" finish="2009-09-24T13:03:22.2975890-05:00" />
  <TestDefinitions>
    <UnitTest name="postTest2" storage="c:\clarity\codeplex\facebooktoolkit\dev\source\facebook.tests\facebook.tests.synchronous\bin\debug\facebook.tests.synchronous.dll" id="9ea3faee-412f-a7a0-aeef-b4449d4132b6">
      <Css projectStructure="" iteration="" />
      <Owners>
        <Owner name="" />
      </Owners>
      <Execution id="623ad012-0b9a-43cc-9dd4-b10d9c9d9108" />
      <TestMethod codeBase="C:\clarity\codeplex\FacebookToolkit\DEV\Source\Facebook.Tests\Facebook.Tests.Synchronous\bin\Debug\Facebook.Tests.Synchronous.dll" adapterTypeName="Microsoft.VisualStudio.TestTools.TestTypes.Unit.UnitTestAdapter, Microsoft.VisualStudio.QualityTools.Tips.UnitTest.Adapter, Version=9.0.0.0, Culture=neutral, PublicKeyToken=b03f5f7f11d50a3a" className="Facebook.Tests.Synchronous.linksTest, Facebook.Tests.Synchronous" name="postTest2" />
    </UnitTest>
  </TestDefinitions>
  <TestLists>
    <TestList name="Results Not in a List" id="8c84fa94-04c1-424b-9868-57a2d4851a1d" />
    <TestList name="All Loaded Results" id="19431567-8539-422a-85d7-44ee4e166bda" />
  </TestLists>
  <TestEntries>
    <TestEntry testId="9ea3faee-412f-a7a0-aeef-b4449d4132b6" executionId="be70463d-9b9f-4588-9700-d68e77ba6d5f" testListId="8c84fa94-04c1-424b-9868-57a2d4851a1d" />
  </TestEntries>
  <Results>
    <UnitTestResult executionId="be70463d-9b9f-4588-9700-d68e77ba6d5f" testId="9ea3faee-412f-a7a0-aeef-b4449d4132b6" testName="postTest2" computerName="RPOWERS-T500" duration="00:01:06.3056299" startTime="2009-09-24T13:02:15.9919591-05:00" endTime="2009-09-24T13:03:22.2975890-05:00" testType="13cdc9d9-ddb5-4fa4-a97d-d965ccfc6d4b" outcome="Aborted" testListId="8c84fa94-04c1-424b-9868-57a2d4851a1d">
    </UnitTestResult>
  </Results>
</TestRun>