<?xml version="1.0" encoding="UTF-8"?>
<TestRun id="04e165da-65fa-4803-b04a-1a7d9e3f249e" name="rpowers@RPOWERS-T500 2009-09-18 15:37:33" runUser="CLARITYINTERNAL\rpowers" xmlns="http://microsoft.com/schemas/VisualStudio/TeamTest/2006">
  <TestRunConfiguration name="Default Run Configuration" id="6015678c-b0b6-47db-882a-3c0465b7fd3f">
    <Deployment runDeploymentRoot="C:\clarity\codeplex\FacebookToolkit\DEV\Source\Facebook.Tests\TestResults\rpowers_RPOWERS-T500 2009-09-18 15_37_33">
      <DeploymentItem filename="C:\clarity\codeplex\FacebookToolkit\DEV\Source\Facebook\bin\Debug\Facebook.dll" />
    </Deployment>
    <Hosts skipUnhostableTests="false" />
    <TestTypeSpecific />
  </TestRunConfiguration>
  <ResultSummary outcome="Error">
    <Counters total="1" executed="1" error="0" failed="0" timeout="0" aborted="1" inconclusive="0" passedButRunAborted="0" notRunnable="0" notExecuted="0" disconnected="0" warning="0" passed="0" completed="0" inProgress="0" pending="0" />
    <RunInfos>
      <RunInfo computerName="RPOWERS-T500" outcome="Error" timestamp="2009-09-18T15:38:08.0604545-05:00">
        <Text>Test host process exited unexpectedly.</Text>
      </RunInfo>
    </RunInfos>
  </ResultSummary>
  <Times creation="2009-09-18T15:37:33.1999688-05:00" queuing="2009-09-18T15:37:35.5732061-05:00" start="2009-09-18T15:37:35.7392227-05:00" finish="2009-09-18T15:38:08.0604545-05:00" />
  <TestDefinitions>
    <UnitTest name="executeBatchTest" storage="c:\clarity\codeplex\facebooktoolkit\dev\source\facebook.tests\facebook.tests.synchronous\bin\debug\facebook.tests.synchronous.dll" id="1f831a9d-7bdb-4b99-c610-b2be8d23f63e">
      <Css projectStructure="" iteration="" />
      <Owners>
        <Owner name="" />
      </Owners>
      <Execution id="3f0c4924-7c99-41cd-bddf-bc197aa7fc47" />
      <TestMethod codeBase="C:\clarity\codeplex\FacebookToolkit\DEV\Source\Facebook.Tests\Facebook.Tests.Synchronous\bin\Debug\Facebook.Tests.Synchronous.dll" adapterTypeName="Microsoft.VisualStudio.TestTools.TestTypes.Unit.UnitTestAdapter, Microsoft.VisualStudio.QualityTools.Tips.UnitTest.Adapter, Version=9.0.0.0, Culture=neutral, PublicKeyToken=b03f5f7f11d50a3a" className="Facebook.Tests.Synchronous.batchTest, Facebook.Tests.Synchronous" name="executeBatchTest" />
    </UnitTest>
  </TestDefinitions>
  <TestLists>
    <TestList name="Results Not in a List" id="8c84fa94-04c1-424b-9868-57a2d4851a1d" />
    <TestList name="All Loaded Results" id="19431567-8539-422a-85d7-44ee4e166bda" />
  </TestLists>
  <TestEntries>
    <TestEntry testId="1f831a9d-7bdb-4b99-c610-b2be8d23f63e" executionId="fc722b99-e7fc-41e6-91b3-f42912fe1ba6" testListId="8c84fa94-04c1-424b-9868-57a2d4851a1d" />
  </TestEntries>
  <Results>
    <UnitTestResult executionId="fc722b99-e7fc-41e6-91b3-f42912fe1ba6" testId="1f831a9d-7bdb-4b99-c610-b2be8d23f63e" testName="executeBatchTest" computerName="RPOWERS-T500" duration="00:00:32.1582155" startTime="2009-09-18T15:37:35.9022390-05:00" endTime="2009-09-18T15:38:08.0604545-05:00" testType="13cdc9d9-ddb5-4fa4-a97d-d965ccfc6d4b" outcome="Aborted" testListId="8c84fa94-04c1-424b-9868-57a2d4851a1d">
    </UnitTestResult>
  </Results>
</TestRun>