<?xml version="1.0" encoding="UTF-8"?>
<TestRun id="1601b4ca-6c6a-40a2-a920-21dcef6adc44" name="rpowers@RPOWERS-T500 2009-09-18 15:08:55" runUser="CLARITYINTERNAL\rpowers" xmlns="http://microsoft.com/schemas/VisualStudio/TeamTest/2006">
  <TestRunConfiguration name="Default Run Configuration" id="8effbe53-c14a-4292-bd56-5e8049fb8dd1">
    <Deployment runDeploymentRoot="C:\clarity\codeplex\FacebookToolkit\DEV\Source\Facebook.Tests\TestResults\rpowers_RPOWERS-T500 2009-09-18 15_08_55">
      <DeploymentItem filename="C:\clarity\codeplex\FacebookToolkit\DEV\Source\Facebook\bin\Debug\Facebook.dll" />
    </Deployment>
    <Hosts skipUnhostableTests="false" />
    <TestTypeSpecific />
  </TestRunConfiguration>
  <ResultSummary outcome="Completed">
    <Counters total="1" executed="1" passed="1" error="0" failed="0" timeout="0" aborted="0" inconclusive="0" passedButRunAborted="0" notRunnable="0" notExecuted="0" disconnected="0" warning="0" completed="0" inProgress="0" pending="0" />
  </ResultSummary>
  <Times creation="2009-09-18T15:08:55.6442163-05:00" queuing="2009-09-18T15:08:57.6214140-05:00" start="2009-09-18T15:08:57.8304349-05:00" finish="2009-09-18T15:09:04.4510969-05:00" />
  <TestDefinitions>
    <UnitTest name="setTest" storage="c:\clarity\codeplex\facebooktoolkit\dev\source\facebook.tests\facebook.tests.synchronous\bin\debug\facebook.tests.synchronous.dll" id="438a4b34-8f95-e768-0e85-019b15e52531">
      <Css projectStructure="" iteration="" />
      <Owners>
        <Owner name="" />
      </Owners>
      <Execution id="bfeeb772-04e1-4b5f-a911-17e160b94ef4" />
      <TestMethod codeBase="C:\clarity\codeplex\FacebookToolkit\DEV\Source\Facebook.Tests\Facebook.Tests.Synchronous\bin\Debug\Facebook.Tests.Synchronous.dll" adapterTypeName="Microsoft.VisualStudio.TestTools.TestTypes.Unit.UnitTestAdapter, Microsoft.VisualStudio.QualityTools.Tips.UnitTest.Adapter, Version=9.0.0.0, Culture=neutral, PublicKeyToken=b03f5f7f11d50a3a" className="Facebook.Tests.Synchronous.statusTest, Facebook.Tests.Synchronous" name="setTest" />
    </UnitTest>
  </TestDefinitions>
  <TestLists>
    <TestList name="Results Not in a List" id="8c84fa94-04c1-424b-9868-57a2d4851a1d" />
    <TestList name="All Loaded Results" id="19431567-8539-422a-85d7-44ee4e166bda" />
  </TestLists>
  <TestEntries>
    <TestEntry testId="438a4b34-8f95-e768-0e85-019b15e52531" executionId="bfeeb772-04e1-4b5f-a911-17e160b94ef4" testListId="8c84fa94-04c1-424b-9868-57a2d4851a1d" />
  </TestEntries>
  <Results>
    <UnitTestResult executionId="bfeeb772-04e1-4b5f-a911-17e160b94ef4" testId="438a4b34-8f95-e768-0e85-019b15e52531" testName="setTest" computerName="RPOWERS-T500" duration="00:00:05.8703889" startTime="2009-09-18T15:08:57.9794498-05:00" endTime="2009-09-18T15:09:04.3790897-05:00" testType="13cdc9d9-ddb5-4fa4-a97d-d965ccfc6d4b" outcome="Passed" testListId="8c84fa94-04c1-424b-9868-57a2d4851a1d">
      <Output>
      </Output>
    </UnitTestResult>
  </Results>
</TestRun>