<?xml version="1.0" encoding="UTF-8"?>
<TestRun id="4879cdf6-12d0-4e3f-a729-92c54913902a" name="rpowers@RPOWERS-T500 2009-09-18 15:44:15" runUser="CLARITYINTERNAL\rpowers" xmlns="http://microsoft.com/schemas/VisualStudio/TeamTest/2006">
  <TestRunConfiguration name="Default Run Configuration" id="7d8b434e-8190-47f6-95d0-8ac3ecfd7cd3">
    <Deployment runDeploymentRoot="C:\clarity\codeplex\FacebookToolkit\DEV\Source\Facebook.Tests\TestResults\rpowers_RPOWERS-T500 2009-09-18 15_44_15">
      <DeploymentItem filename="C:\clarity\codeplex\FacebookToolkit\DEV\Source\Facebook\bin\Debug\Facebook.dll" />
    </Deployment>
    <Hosts skipUnhostableTests="false" />
    <TestTypeSpecific />
  </TestRunConfiguration>
  <ResultSummary outcome="Error">
    <Counters total="1" executed="1" error="0" failed="0" timeout="0" aborted="1" inconclusive="0" passedButRunAborted="0" notRunnable="0" notExecuted="0" disconnected="0" warning="0" passed="0" completed="0" inProgress="0" pending="0" />
    <RunInfos>
      <RunInfo computerName="RPOWERS-T500" outcome="Error" timestamp="2009-09-18T15:46:05.9962433-05:00">
        <Text>Test host process exited unexpectedly.</Text>
      </RunInfo>
    </RunInfos>
  </ResultSummary>
  <Times creation="2009-09-18T15:44:15.2391687-05:00" queuing="2009-09-18T15:44:16.5062954-05:00" start="2009-09-18T15:44:16.6633111-05:00" finish="2009-09-18T15:46:05.9962433-05:00" />
  <TestDefinitions>
    <UnitTest name="getInfoTest" storage="c:\clarity\codeplex\facebooktoolkit\dev\source\facebook.tests\facebook.tests.synchronous\bin\debug\facebook.tests.synchronous.dll" id="1066c25e-a8d6-8a3a-a3bd-cccdbd357d17">
      <Css projectStructure="" iteration="" />
      <Owners>
        <Owner name="" />
      </Owners>
      <Execution id="cb1fa68e-5596-4258-81b8-b2efa600ad0e" />
      <TestMethod codeBase="C:\clarity\codeplex\FacebookToolkit\DEV\Source\Facebook.Tests\Facebook.Tests.Synchronous\bin\Debug\Facebook.Tests.Synchronous.dll" adapterTypeName="Microsoft.VisualStudio.TestTools.TestTypes.Unit.UnitTestAdapter, Microsoft.VisualStudio.QualityTools.Tips.UnitTest.Adapter, Version=9.0.0.0, Culture=neutral, PublicKeyToken=b03f5f7f11d50a3a" className="Facebook.Tests.Synchronous.pagesTest, Facebook.Tests.Synchronous" name="getInfoTest" />
    </UnitTest>
  </TestDefinitions>
  <TestLists>
    <TestList name="Results Not in a List" id="8c84fa94-04c1-424b-9868-57a2d4851a1d" />
    <TestList name="All Loaded Results" id="19431567-8539-422a-85d7-44ee4e166bda" />
  </TestLists>
  <TestEntries>
    <TestEntry testId="1066c25e-a8d6-8a3a-a3bd-cccdbd357d17" executionId="b4ba3f3b-5af0-4a65-957a-022ca1b0f3b1" testListId="8c84fa94-04c1-424b-9868-57a2d4851a1d" />
  </TestEntries>
  <Results>
    <UnitTestResult executionId="b4ba3f3b-5af0-4a65-957a-022ca1b0f3b1" testId="1066c25e-a8d6-8a3a-a3bd-cccdbd357d17" testName="getInfoTest" computerName="RPOWERS-T500" duration="00:01:49.1739163" startTime="2009-09-18T15:44:16.8223270-05:00" endTime="2009-09-18T15:46:05.9962433-05:00" testType="13cdc9d9-ddb5-4fa4-a97d-d965ccfc6d4b" outcome="Aborted" testListId="8c84fa94-04c1-424b-9868-57a2d4851a1d">
    </UnitTestResult>
  </Results>
</TestRun>