<?xml version="1.0" encoding="UTF-8"?>
<TestRun id="d4216153-4c69-4516-b1ad-f025db793518" name="rpowers@RPOWERS-T500 2009-09-18 15:43:28" runUser="CLARITYINTERNAL\rpowers" xmlns="http://microsoft.com/schemas/VisualStudio/TeamTest/2006">
  <TestRunConfiguration name="Default Run Configuration" id="160699e3-0b5a-49a2-a7c3-f3c0037a2ee1">
    <Deployment runDeploymentRoot="C:\clarity\codeplex\FacebookToolkit\DEV\Source\Facebook.Tests\TestResults\rpowers_RPOWERS-T500 2009-09-18 15_43_28">
      <DeploymentItem filename="C:\clarity\codeplex\FacebookToolkit\DEV\Source\Facebook\bin\Debug\Facebook.dll" />
    </Deployment>
    <Hosts skipUnhostableTests="false" />
    <TestTypeSpecific />
  </TestRunConfiguration>
  <ResultSummary outcome="Completed">
    <Counters total="1" executed="1" passed="1" error="0" failed="0" timeout="0" aborted="0" inconclusive="0" passedButRunAborted="0" notRunnable="0" notExecuted="0" disconnected="0" warning="0" completed="0" inProgress="0" pending="0" />
  </ResultSummary>
  <Times creation="2009-09-18T15:43:28.3654818-05:00" queuing="2009-09-18T15:43:29.6396092-05:00" start="2009-09-18T15:43:29.8806333-05:00" finish="2009-09-18T15:43:34.9491401-05:00" />
  <TestDefinitions>
    <UnitTest name="executeBatchTest" storage="c:\clarity\codeplex\facebooktoolkit\dev\source\facebook.tests\facebook.tests.synchronous\bin\debug\facebook.tests.synchronous.dll" id="1f831a9d-7bdb-4b99-c610-b2be8d23f63e">
      <Css projectStructure="" iteration="" />
      <Owners>
        <Owner name="" />
      </Owners>
      <Execution id="303695ad-0de0-49c9-8148-f7add67e28b2" />
      <TestMethod codeBase="C:\clarity\codeplex\FacebookToolkit\DEV\Source\Facebook.Tests\Facebook.Tests.Synchronous\bin\Debug\Facebook.Tests.Synchronous.dll" adapterTypeName="Microsoft.VisualStudio.TestTools.TestTypes.Unit.UnitTestAdapter, Microsoft.VisualStudio.QualityTools.Tips.UnitTest.Adapter, Version=9.0.0.0, Culture=neutral, PublicKeyToken=b03f5f7f11d50a3a" className="Facebook.Tests.Synchronous.batchTest, Facebook.Tests.Synchronous" name="executeBatchTest" />
    </UnitTest>
  </TestDefinitions>
  <TestLists>
    <TestList name="Results Not in a List" id="8c84fa94-04c1-424b-9868-57a2d4851a1d" />
    <TestList name="All Loaded Results" id="19431567-8539-422a-85d7-44ee4e166bda" />
  </TestLists>
  <TestEntries>
    <TestEntry testId="1f831a9d-7bdb-4b99-c610-b2be8d23f63e" executionId="303695ad-0de0-49c9-8148-f7add67e28b2" testListId="8c84fa94-04c1-424b-9868-57a2d4851a1d" />
  </TestEntries>
  <Results>
    <UnitTestResult executionId="303695ad-0de0-49c9-8148-f7add67e28b2" testId="1f831a9d-7bdb-4b99-c610-b2be8d23f63e" testName="executeBatchTest" computerName="RPOWERS-T500" duration="00:00:04.2860810" startTime="2009-09-18T15:43:30.0206473-05:00" endTime="2009-09-18T15:43:34.8661318-05:00" testType="13cdc9d9-ddb5-4fa4-a97d-d965ccfc6d4b" outcome="Passed" testListId="8c84fa94-04c1-424b-9868-57a2d4851a1d">
      <Output>
      </Output>
    </UnitTestResult>
  </Results>
</TestRun>